3 3
0.068429 0.00332695 0.0744836 0.00336061 0.63876 0.56021 0.212468 0.0371721 0.806289
10 10
0.735022 0.130842 0.268178 0.34353 0.00503679 0.0858246 0.0376912 0.140231 0.0805901 0.0672569 0.121152 0.00464805 0.115087 0.00722706 0.167327 0.0797139 0.11047 0.156957 0.0158739 0.141817 0.0567956 0.0515601 0.111675 0.0557332 0.0692833 0.0941005 0.465792 0.0746108 0.00958485 0.00188441 0.114174 0.830648 0.132769 0.0132609 0.00590086 0.0126917 0.0990603 0.0930069 0.0990905 0.00426356 0.635171 0.200478 0.0775815 0.134531 0.16031 0.0915132 0.0491166 0.0561441 0.0552047 0.222362 0.0917751 0.120344 0.20331 0.119776 0.0547406 0.0697497 0.132223 0.0897074 0.00701917 0.165698 0.0718244 0.0157694 0.0576591 0.247052 0.0800382 0.117403 0.0905076 0.203893 0.0324226 0.0310326 0.119979 0.157041 0.105627 0.0814178 0.0246996 0.0403819 0.000821708 0.0227719 0.144558 0.0876115 0.224665 0.187852 0.576231 0.0832446 0.0255869 0.16859 0.0289277 0.420112 0.024477 0.0373718 0.198181 0.569762 0.0893471 0.0498055 0.0813921 0.075639 0.0816666 0.00467312 0.0648174 0.0403917
3 3
0.0145677 0.00376555 0.00501953 0.00328764 0.053379 0.0800938 0.0686719 0.0798906 0.103265
10 10
0.0574717 0.0144427 0.0417924 0.071834 0.0547373 0.113593 0.12676 0.00366179 0.83648 0.0104885 0.0259407 0.0082862 0.0430305 0.0427298 0.0591976 0.0191229 0.0296617 0.128498 0.0644314 0.119924 0.10546 0.00695641 0.00750807 0.0759725 0.035527 0.115789 0.126765 0.105139 0.24877 0.0575471 0.197249 0.0787009 0.184668 0.0113362 0.00238647 0.21489 0.100239 0.155698 0.192362 0.0958265 0.0247507 0.0523237 0.0316951 0.0534639 0.018582 0.521316 0.037317 0.122046 0.0792834 0.140552 0.0174853 0.127013 0.0353728 0.0119519 0.0658296 0.020536 0.0184475 0.175934 0.553356 0.0570407 0.066292 0.0961293 0.150029 0.487124 0.141334 0.256308 0.0331002 0.0307346 0.114083 0.218669 0.851762 0.115908 0.111629 0.0736724 0.0179003 0.0429306 0.106402 0.108904 0.0612966 0.0767191 0.163881 0.236899 0.102966 0.0271225 0.0105537 0.0780661 0.0509031 0.12266 0.13712 0.0391742 0.0435995 0.0559088 0.536303 0.046613 0.150773 0.108254 0.356815 0.194761 0.0207691 0.0876221
3 3
0.0647941 0.178414 0.0561505 0.0669551 0.00837821 0.0525126 0.000546047 0.00137797 0.157531
10 10
0.0969769 0.0411818 0.0604396 0.163625 0.0748814 0.0331972 0.128757 0.0902279 0.0504657 0.552526 0.147533 0.0264229 0.0639803 0.0658692 0.0354164 0.876939 0.674379 0.154792 0.0617596 0.114513 0.0921724 0.0347787 0.0377254 0.319057 0.0174357 0.0298783 0.0540069 0.133221 0.162484 0.0753642 0.0129871 0.0498673 0.0023597 0.0756922 0.03113 0.102236 0.149112 0.195675 0.128061 0.0131154 0.0837997 0.0524619 0.548399 0.184786 0.15242 0.308312 0.168064 0.0832508 0.139208 0.0202121 0.244942 0.0311994 0.0360309 0.261002 0.0866686 0.0893124 0.0463119 0.0277073 0.857599 0.121236 0.149951 0.150708 0.136967 0.068369 0.00512514 0.0123652 0.253966 0.118339 0.351078 0.0168465 0.265859 0.0144996 0.00635045 0.0763023 0.114492 0.0509905 0.0523952 0.150667 0.0820385 0.0326236 0.014949 0.0121871 0.0993331 0.073488 0.159728 0.0308353 0.0464326 0.0498607 0.0812097 0.00574894 0.102131 0.0716115 0.126439 0.406641 0.110532 0.115878 0.0162221 0.0902916 0.0129397 0.13761
3 3
0.0667707 0.125521 0.037367 0.0584977 0.0399974 0.149287 0.0266675 0.0647533 0.0351818
10 10
0.153459 0.020722 0.0831905 0.108944 0.441599 0.0109283 0.0909451 0.738294 0.804283 0.164256 0.0278755 0.145481 0.101189 0.126994 0.036858 0.0445739 0.12936 0.179739 0.0533799 0.659293 0.0467157 0.0400119 0.660099 0.0788709 0.033448 0.0235755 0.166812 0.0783373 0.0882527 0.287512 0.0134814 0.0816537 0.126143 0.0889166 0.0243842 0.0318554 0.110421 0.00512201 0.0170378 0.00338504 0.0542036 0.0938516 0.164067 0.0898509 0.20697 0.190091 0.0706576 0.291618 0.0898999 0.17043 0.0231246 0.258625 0.197048 0.126484 0.00241217 0.137983 0.211817 0.655881 0.0930405 0.111485 0.0508175 0.152062 0.0534131 0.0462107 0.160103 0.0115237 0.326843 0.0024436 0.0754307 0.0435652 0.0164862 0.0654392 0.0534448 0.285494 0.236776 0.0397684 0.10875 0.173623 0.0366996 0.072531 0.214216 0.38445 0.0720477 0.0719389 0.0394935 0.0129556 0.0781729 0.06674 0.1188 0.0330841 0.0390986 0.0474125 0.1809 0.0626594 0.195104 0.163737 0.00837223 0.176681 0.252071 0.443575
3 3
0.128042 0.153272 0.0961825 0.40665 0.0583125 0.555677 0.143709 0.170537 0.0296976
10 10
0.179787 0.0431885 0.0967907 0.104169 0.433118 0.108836 0.549143 0.0279195 0.126821 0.121093 0.0365003 0.0646509 0.0613448 0.00209286 0.676673 0.0925075 0.0284037 0.734234 0.120466 0.0182034 0.0186348 0.0550392 0.0208116 0.0616011 0.116587 0.780676 0.0302513 0.0632941 0.406032 0.0182586 0.134588 0.0903424 0.0516871 0.0193501 0.0991338 0.00729937 0.667736 0.222739 0.0856846 0.0689886 0.055471 0.0273553 0.125058 0.0803724 0.122859 0.00276231 0.125519 0.0141514 0.0620159 0.166215 0.0355575 0.623583 0.13262 0.432325 0.0459212 0.020891 0.0636062 0.0381094 0.131797 0.00722427 0.137027 0.155619 0.0263661 0.184185 0.0897015 0.00773367 0.0544505 0.325123 0.0935784 0.0239746 0.357869 0.09785 0.68889 0.202294 0.0538522 0.0176898 0.408875 0.942603 0.138271 0.0482127 0.0359831 0.228972 0.0867448 0.0134698 0.219183 0.264509 0.095643 0.0832877 0.0179938 0.0422909 0.133295 0.00232225 0.088533 0.122454 0.0493238 0.370371 0.0343049 0.0393851 0.0938794 0.178951
3 3
0.0305339 0.0050334 0.0178119 0.110521 0.0495276 0.178715 0.0824905 0.118301 0.0197712
10 10
0.0109835 0.271628 0.0919649 0.0585388 0.0861671 0.0671686 0.106351 0.178654 0.629871 0.0417514 0.396041 0.0408705 0.0882998 0.123262 0.112698 0.00648536 0.0776248 0.0714366 0.0137896 0.363635 0.0356433 0.0299148 0.0988445 0.0468999 0.0443326 0.581452 0.95583 0.0318946 0.149846 0.23497 0.0699802 0.0450349 0.864034 0.0759238 0.608101 0.0347137 0.145605 0.170378 0.0105613 0.0423179 0.0255063 0.142651 0.0418323 0.0791443 0.699263 0.0226251 0.0822705 0.0294548 0.0809329 0.00585913 0.113628 0.0198451 0.092031 0.23047 0.446809 0.131305 0.0674977 0.163974 0.0413612 0.00127942 0.112021 0.182421 0.0591673 0.472406 0.0310153 0.147555 0.0302636 0.0348411 0.114151 0.165056 0.0108581 0.0781341 0.300048 0.297256 0.0309786 0.109971 0.97631 0.144413 0.124407 0.19805 0.182489 0.637307 0.0812823 0.122588 0.00895353 0.0452643 0.0049849 0.811975 0.15422 0.121923 0.0861074 0.300536 0.060441 0.0446097 0.0280572 0.0778026 0.130015 0.187981 0.172784 0.0412944
3 3
0.098709 0.0692034 0.0357368 0.0441734 0.0389506 0.000898319 0.069544 0.152736 0.00819077
10 10
0.187112 0.152289 0.129963 0.0291398 0.322462 0.046816 0.0226821 0.0718094 0.0125638 0.137181 0.0713024 0.167315 0.0548311 0.0739301 0.0878371 0.125926 0.251831 0.0705124 0.0930851 0.157922 0.0994984 0.0778232 0.717647 0.193824 0.0513767 0.0132913 0.00772371 0.00944926 0.0351316 0.226787 0.0363233 0.00839515 0.0298058 0.0441227 0.068383 0.0700753 0.0112681 0.0543189 0.0684805 0.517912 0.0230819 0.00710135 0.059367 0.0816029 0.169312 0.981503 0.0520456 0.125177 0.189315 0.0514099 0.0575203 0.147256 0.055081 0.0611988 0.578235 0.0650054 0.0724334 0.0789843 0.0130059 0.108842 0.412213 0.0427588 0.144737 0.0340051 0.226143 0.0452003 0.138509 0.233515 0.0175429 0.505833 0.0608183 0.033066 0.487661 0.0666031 0.138389 0.428173 0.0577384 0.0214172 0.097446 0.0414982 0.0698937 0.122404 0.0713372 0.102723 0.0246241 0.709325 0.18924 0.0275605 0.0697645 0.617773 0.0324175 0.0477473 0.0092713 0.0825924 0.0888291 0.2367 0.0811958 0.237546 0.150238 0.056659
3 3
0.00554095 0.0186771 0.121484 0.0567504 0.0360533 0.117039 0.00182228 0.103357 0.0923001
10 10
0.0282256 0.0289079 0.0255693 0.418653 0.00850113 0.0773471 0.0423694 0.166942 0.0430383 0.0210877 0.000166605 0.0408263 0.206009 0.0282138 0.690056 0.18359 0.0336171 0.0643486 0.0163724 0.00155019 0.10272 0.382859 0.0426884 0.171982 0.64322 0.16897 0.165527 0.0319725 0.0600679 0.231618 0.0416086 0.107924 0.125276 0.0806442 0.784765 0.487289 0.0986911 0.166678 0.269111 0.0344768 0.617124 0.144687 0.0328539 0.55056 0.0613275 0.418018 0.0528121 0.0266026 0.0111038 0.149131 0.796873 0.174986 0.833842 0.271285 0.0241384 0.155913 0.0422384 0.717469 0.0974158 0.0560063 0.0877746 0.0244829 0.0521586 0.0668035 0.108352 0.0819145 0.0662654 0.00223713 0.0119912 0.0595864 0.0869596 0.0672029 0.0540462 0.0489743 0.0506155 0.0740108 0.0617955 0.0150274 0.0629386 0.253287 0.00589912 0.0541473 0.0740128 0.0819673 0.341678 0.002371 0.0726829 0.00793535 0.0888272 0.134522 0.0719336 0.052998 0.0809106 0.0218496 0.490881 0.0842006 0.074301 0.0603759 0.131144 0.0183777
3 3
0.121039 0.0403795 0.00203079 0.0569714 0.034466 0.0306945 0.38748 0.0728878 0.16618
10 10
0.0374132 0.105504 0.136461 0.0562489 0.473749 0.0605967 0.505839 0.00851861 0.167634 0.571668 0.0718836 0.129818 0.35367 0.282211 0.0420319 0.150024 0.0135245 0.471537 0.166712 0.0771508 0.00119261 0.0106861 0.0437946 0.0361836 0.0666477 0.460646 0.0369428 0.0598192 0.0669607 0.0657055 0.019316 0.0150807 0.220091 0.0734278 0.0598736 0.107051 0.066282 0.15131 0.0867302 0.141543 0.0842491 0.0849307 0.588818 0.189419 0.0525227 0.115555 0.040108 0.0628025 0.0225876 0.0744291 0.179573 0.109464 0.115718 0.0298596 0.356565 0.16772 0.0744113 0.235625 0.130646 0.176039 0.0275969 0.22408 0.0916779 0.083736 0.0591634 0.359039 0.0976017 0.0227346 0.111525 0.0841959 0.0765924 0.131116 0.54804 0.881547 0.0137175 0.112224 0.0624149 0.0258559 0.0468064 0.068403 0.0795431 0.060565 0.016697 0.0504175 0.03457 0.612639 0.0733241 0.155562 0.0694979 0.0710841 0.529818 0.0849325 0.0152585 0.0745853 0.0697658 0.0596836 0.0824468 0.137598 0.261516 0.13198
3 3
0.0509075 0.175716 0.061265 0.0566386 0.0433558 0.113146 0.0803067 0.183374 0.113531
10 10
0.0967546 0.00198641 0.0764796 0.203004 0.590074 0.279051 0.0531398 0.116131 0.0432389 0.0359563 0.0638458 0.0195348 0.815629 0.175626 0.0112258 0.186616 0.054887 0.0307012 0.0282138 0.170167 0.0757407 0.179605 0.0618651 0.493571 0.705712 0.127027 0.0308836 0.0102989 0.497526 0.172039 0.205622 0.124962 0.599689 0.0391194 0.220412 0.144403 0.109479 0.0145902 0.0288103 0.144698 0.0767979 0.0643657 0.0857926 0.0897275 0.0238122 0.0692276 0.0368776 0.0577805 0.0325835 0.170613 0.0162332 0.00890307 0.0574015 0.634036 0.0195478 0.0386301 0.0231936 0.148398 0.133944 0.614969 0.34947 0.0635213 0.0673394 0.107093 0.0607743 0.0256759 0.104283 0.0579048 0.0380456 0.357383 0.0851699 0.00853599 0.0867741 0.188547 0.432977 0.034074 0.132925 0.0673374 0.099687 0.0936255 0.132337 0.143667 0.282624 0.0801063 0.0360314 0.0897468 0.832476 0.045601 0.0743186 0.53674 0.0503419 0.937397 0.111286 0.0450348 0.059322 0.678785 0.001842 0.0243594 0.042607 0.0585109
3 3
0.0584068 0.0547754 0.0632692 0.0510924 0.0852484 0.515581 0.0154512 0.238926 0.0569874
10 10
0.127026 0.0115697 0.139865 0.0538901 0.0302611 0.111972 0.0377939 0.123789 0.435086 0.118441 0.0395261 0.00687797 0.144615 0.08719 0.695822 0.0348831 0.0954227 0.0618755 0.0679597 0.0563906 0.0168523 0.038353 0.88474 0.807401 0.0507076 0.0138089 0.0344823 0.0210611 0.103829 0.0369502 0.582876 0.108554 0.082802 0.0838845 0.0247753 0.0843459 0.072047 0.275516 0.0614841 0.0256394 0.0565442 0.0924157 0.042329 0.056095 0.0807656 0.00753069 0.083364 0.0871924 0.0711594 0.103764 0.0358814 0.0134385 0.0468811 0.146899 0.0107393 0.164473 0.101862 0.0657238 0.0396476 0.0089914 0.0891929 0.0160736 0.15186 0.259544 0.0179242 0.019851 0.0180161 0.0428314 0.822389 0.0745844 0.0430331 0.0756321 0.0570808 0.0201708 0.0278727 0.478653 0.0100471 0.0290432 0.251543 0.726826 0.0156916 0.106148 0.0570055 0.0724662 0.0284392 0.190142 0.171019 0.073526 0.0105134 0.509144 0.0132361 0.078175 0.0942494 0.105802 0.841758 0.016037 0.0471887 0.178579 0.235544 0.598596
3 3
0.0331165 0.109195 0.152005 0.206761 0.0218163 0.0200987 0.217792 0.118625 0.115027
10 10
0.0361169 0.109727 0.682547 0.0444402 0.229828 0.133064 0.11115 0.453697 0.0275592 0.0229512 0.113366 0.0385523 0.08079 0.724958 0.0787601 0.0360735 0.124763 0.238126 0.033247 0.0427508 0.099081 0.928651 0.0661184 0.126193 0.0082969 0.488281 0.0574289 0.0522125 0.0882397 0.0327863 0.108676 0.0546244 0.145024 0.101657 0.00413952 0.0477359 0.0560377 0.0665147 0.0623612 0.0773618 0.298849 0.037049 0.130401 0.00564122 0.0496286 0.128383 0.00345637 0.0379153 0.0106758 0.00775564 0.0129227 0.00307693 0.185679 0.0315461 0.782027 0.0479781 0.440248 0.153332 0.189925 0.167957 0.542406 0.108299 0.0100514 0.651202 0.063049 0.011292 0.165346 0.0857646 0.124611 0.013848 0.116447 0.0245317 0.0676673 0.0370234 0.255764 0.0263064 0.186878 0.0791786 0.00164707 0.0653248 0.573245 0.0605436 0.0888836 0.107714 0.103299 0.982849 0.11799 0.172068 0.0123932 0.0593271 0.727992 0.685953 0.0247883 0.373965 0.0105559 0.193527 0.0996373 0.0972786 0.000971294 0.0506174
3 3
0.0776106 0.0552868 0.221667 0.133287 0.0473256 0.497314 0.0410008 0.575926 0.00442763
10 10
0.0337232 0.170705 0.0260568 0.109631 0.0400172 0.0842075 0.397169 0.000507661 0.193723 0.0387174 0.022572 0.0446676 0.48383 0.0226531 0.0725339 0.0124658 0.0769858 0.0711286 0.103002 0.0892 0.00647772 0.144133 0.151348 0.0783402 0.493803 0.0361141 0.0761572 0.0508046 0.221832 0.153773 0.0542874 0.666097 0.0720012 0.0828043 0.445036 0.110574 0.0716808 0.132704 0.140421 0.677377 0.128108 0.00604997 0.0465826 0.0539092 0.456573 0.137631 0.840246 0.105996 0.0510771 0.0862712 0.0201913 0.0224258 0.0342311 0.481842 0.440667 0.0100984 0.174621 0.438787 0.099853 0.0958176 0.288678 0.0575334 0.111382 0.0755303 0.138733 0.118616 0.0697989 0.474972 0.025041 0.14198 0.0594646 0.0410205 0.100544 0.0452521 0.07009 0.158392 0.112593 0.00357757 0.11248 0.0536406 0.0642572 0.00400893 0.141953 0.0813667 0.0405158 0.080729 0.00665403 0.0226614 0.470618 0.0432439 0.0501876 0.0735549 0.00123416 0.0199058 0.0898466 0.14708 0.125881 0.126487 0.0168882 0.00895598
3 3
0.901363 0.154386 0.0355823 0.101009 0.0434522 0.0491915 0.037013 0.0804665 0.00980178
10 10
0.216776 0.821479 0.63461 0.154413 0.0465878 0.0231559 0.0453478 0.166613 0.771712 0.160633 0.106997 0.0382327 0.0614754 0.188522 0.104291 0.917169 0.0284775 0.00758466 0.0331316 0.076387 0.00214804 0.0498267 0.0453714 0.119623 0.456483 0.0141437 0.0161336 0.642296 0.212094 0.397733 0.0798872 0.0466821 0.0503597 0.784287 0.00399278 0.111439 0.066892 0.127375 0.0826116 0.0201044 0.122172 0.0854077 0.0537931 0.0459152 0.12762 0.564081 0.100084 0.027567 0.0131649 0.071854 0.293974 0.00834146 0.0951503 0.0309097 0.0889946 0.0455884 0.0165221 0.0312675 0.125292 0.0927481 0.0685657 0.290839 0.0119842 0.0193325 0.46818 0.574042 0.068395 0.120322 0.047524 0.0986617 0.0594968 0.075524 0.0172182 0.205412 0.1259 0.0437664 0.100477 0.150121 0.0478134 0.188721 0.618211 0.110858 0.749808 0.0710329 0.120112 0.0290923 0.0961516 0.00251221 0.0533307 0.133569 0.104621 0.0204252 0.736995 0.122256 0.0431255 0.0716512 0.0499209 0.0440952 0.121875 0.0198604
3 3
0.00901293 0.358194 0.0182443 0.0238658 0.648231 0.133125 0.0306384 0.406971 0.0680687
10 10
0.0875419 0.0371656 0.254595 0.105774 0.0923945 0.0349947 0.0400978 0.152879 0.0773879 0.134556 0.946577 0.631504 0.0949194 0.0561203 0.542677 0.379151 0.0248104 0.0506817 0.017914 0.379541 0.296982 0.0183809 0.224999 0.0466503 0.660539 0.779671 0.0821543 0.0341649 0.749979 0.00963424 0.00224028 0.0759815 0.0424313 0.0256317 0.152283 0.653765 0.0119691 0.0987215 0.0961637 0.00530656 0.484435 0.121192 0.0016233 0.0656207 0.0227648 0.0925673 0.136005 0.0479332 0.51268 0.588576 0.204511 0.471127 0.109373 0.0623533 0.101957 0.11761 0.0656177 0.103121 0.0243874 0.455316 0.132152 0.0648427 0.00287809 0.0193238 0.491889 0.0756821 0.106718 0.0215612 0.875919 0.189873 0.00503727 0.0831787 0.133145 0.113516 0.0346695 0.266938 0.100184 0.465355 0.289019 0.0279085 0.00528774 0.0888052 0.147658 0.0427807 0.119255 0.187453 0.54721 0.0201907 0.0395593 0.678604 0.770722 0.151087 0.646146 0.0643976 0.136308 0.00161595 0.0551173 0.0438244 0.038016 0.211896
3 3
0.0802914 0.0757975 0.063363 0.62182 0.0101239 0.067192 0.0659168 0.036315 0.11893
10 10
0.0433087 0.0211435 0.0171452 0.577104 0.000755573 0.0909594 0.0123594 0.0118451 0.0338202 0.00209642 0.044745 0.156421 0.261404 0.00725423 0.337859 0.692943 0.0536206 0.229946 0.133407 0.100212 0.270227 0.00394243 0.0445699 0.150792 0.00874458 0.109408 0.34362 0.22325 0.115309 0.146942 0.144724 0.0431633 0.147868 0.896855 0.0548509 0.0678427 0.476672 0.0613677 0.516824 0.0792173 0.0369771 0.0474437 0.010689 0.232368 0.0858738 0.0633562 0.0778067 0.0481298 0.0508924 0.0253047 0.0842181 0.160417 0.0117917 0.489852 0.0284513 0.146788 0.0381361 0.0708035 0.0160475 0.0745032 0.403775 0.0344563 0.658219 0.120797 0.0862158 0.135679 0.0476036 0.0331642 0.0892723 0.156911 0.178606 0.100086 0.0306007 0.0716909 0.00732563 0.0175966 0.0280912 0.0323681 0.190926 0.200346 0.0522086 0.00250926 0.0233099 0.101465 0.154012 0.146545 0.0592898 0.0819247 0.000736537 0.0557086 0.0205973 0.0600642 0.163852 0.0584902 0.0136612 0.0383114 0.0498517 0.0599152 0.0152872 0.0451677
3 3
0.154337 0.450074 0.015669 0.0214077 0.152333 0.0830812 0.0714263 0.0516512 0.03942
10 10
0.205968 0.133543 0.0261771 0.0478873 0.172659 0.0496005 0.176199 0.0842415 0.0281126 0.0894576 0.148315 0.0811102 0.203265 0.118352 0.031482 0.561468 0.751463 0.128553 0.0479993 0.0302687 0.00376365 0.674464 0.056827 0.00313847 0.0275115 0.057843 0.096919 0.1564 0.114507 0.0300947 0.265219 0.033976 0.0191321 0.0562786 0.0816467 0.019722 0.0131133 0.119332 0.00226488 0.127935 0.123025 0.0101147 0.0369582 0.085441 0.0414439 0.073961 0.012162 0.164778 0.0277196 0.101274 0.637125 0.0652832 0.0235583 0.0906498 0.181298 0.0971868 0.0550417 0.140756 0.0786564 0.125807 0.364719 0.930206 0.0332932 0.568813 0.00196894 0.268956 0.0780445 0.0112973 0.0711551 0.559238 0.03355 0.545655 0.0508252 0.025556 0.747155 0.101996 0.0908892 0.109241 0.0673989 0.00873734 0.284546 0.0336261 0.0598984 0.0968253 0.0052141 0.12196 0.126574 0.163653 0.00195021 0.137178 0.0816282 0.145849 0.0130801 0.186385 0.0389872 0.0169333 0.55049 0.0815702 0.147945 0.100575
3 3
0.0332087 0.100287 0.0491483 0.0463691 0.1806 0.142438 0.0550334 0.849593 0.0166729
10 10
0.181407 0.0355112 0.487186 0.166665 0.51237 0.0904505 0.104325 0.298294 0.176836 0.0148063 0.105203 0.038957 0.0093791 0.853488 0.424936 0.0605668 0.0778758 0.05717 0.11577 0.0167376 0.00368591 0.0634052 0.452026 0.161618 0.0651956 0.841503 0.535545 0.020641 0.0238537 0.204891 0.0995679 0.0488289 0.0582052 0.104045 0.0561016 0.14438 0.0102476 0.178251 0.0488008 0.497323 0.389685 0.0345693 0.868289 0.109067 0.0923046 0.18006 0.00423422 0.0770197 0.107757 0.0101387 0.113758 0.0723153 0.119453 0.0125084 0.00676877 0.183816 0.104878 0.0801216 0.120958 0.149864 0.0765251 0.0340705 0.0930962 0.57577 0.078645 0.0474546 0.040881 0.127039 0.118522 0.0272572 0.139526 0.100137 0.0451071 0.575007 0.0290865 0.00478252 0.029232 0.0525032 0.184549 0.105034 0.222859 0.125161 0.197049 0.0391354 0.200464 0.153024 0.221516 0.214736 0.128886 0.0907253 0.0805973 0.0794965 0.0845161 0.124685 0.0301364 0.00478393 0.0123979 0.140494 0.0533178 0.167672
3 3
0.460681 0.0206017 0.15886 0.0298847 0.0540719 0.158911 0.145573 0.521246 0.0154042
10 10
0.15111 0.00854817 0.148094 0.0231367 0.988381 0.226883 0.111629 0.159494 0.0924031 0.00446975 0.0308969 0.0479956 0.052672 0.527758 0.0471165 0.550715 0.2652 0.128611 0.14229 0.0974739 0.0722034 0.101876 0.0927499 0.135904 0.0758805 0.0199148 0.161003 0.0258987 0.229854 0.0654078 0.00103483 0.0943259 0.32029 0.0607603 0.0396621 0.0198206 0.240689 0.319707 0.189463 0.0253584 0.750118 0.0379041 0.219845 0.0817369 0.620984 0.729712 0.0201 0.26266 0.100289 0.0809179 0.0646924 0.244369 0.0669628 0.187194 0.205813 0.0280157 0.0937562 0.029424 0.0394958 0.0105803 0.548338 0.040123 0.111427 0.0581806 0.261596 0.0970119 0.196032 0.0265985 0.0825802 0.612754 0.0255531 0.291392 0.238626 0.195814 0.110339 0.406126 0.309557 0.118085 0.0857909 0.0906809 0.0789553 0.0612584 0.0206452 0.190273 0.0153893 0.167949 0.519855 0.0534688 0.0499745 0.0314629 0.134655 0.0155761 0.011078 0.0889192 0.104181 0.0797869 0.0400971 0.0247055 0.0421197 0.800702
3 3
0.732897 0.222934 0.0586215 0.103005 0.509626 0.00960701 0.604807 0.0831016 0.5271
10 10
0.073326 0.0039403 0.0419897 0.103646 0.0493085 0.0460818 0.0439501 0.129313 0.568407 0.148618 0.00516302 0.0372385 0.00561906 0.711728 0.051253 0.146734 0.11998 0.0122135 0.029715 0.0361146 0.624724 0.0448924 0.0021468 0.00619901 0.0404313 0.637468 0.265371 0.0742164 0.12256 0.264244 0.111029 0.0229362 0.16315 0.114557 0.00455312 0.0252391 0.226181 0.021311 0.171389 0.157263 0.0105651 0.0748783 0.155082 0.0539929 0.0176326 0.0193339 0.0306133 0.243126 0.114587 0.581605 0.471226 0.0709531 0.165618 0.0377634 0.166388 0.0515816 0.00309668 0.100745 0.0222283 0.0535627 0.0232992 0.387435 0.0152898 0.0819154 0.0348194 0.0895821 0.15495 0.157953 0.239104 0.0324733 0.0578546 0.320242 0.108812 0.101506 0.0501895 0.659251 0.0187888 0.0918744 0.0333433 0.0625683 0.113146 0.0141352 0.0134733 0.0765912 0.144231 0.0347828 0.150897 0.0693115 0.279106 0.140134 0.339103 0.100575 0.00383129 0.0931667 0.128507 0.00699935 0.107573 0.00590899 0.00518988 0.0235444
3 3
0.57442 0.0289389 0.00692138 0.0113525 0.119231 0.0079069 0.0481163 0.0824023 0.0467896
10 10
0.208712 0.148329 0.0242276 0.0337471 0.0933588 0.072939 0.0270698 0.00145848 0.0204562 0.542899 0.462055 0.237613 0.0298494 0.038762 0.0538989 0.0244939 0.0263347 0.0832293 0.120544 0.0861391 0.875281 0.0488455 0.0531061 0.0986839 0.0546326 0.921855 0.0894973 0.0651128 0.0976862 0.0936697 0.113615 0.0767367 0.462231 0.103435 0.0693276 0.0335128 0.0139385 0.166801 0.179002 0.0798575 0.129401 0.107523 0.0630594 0.0617727 0.0646334 0.0070728 0.0859872 0.0494633 0.434956 0.010129 0.0567566 0.0360836 0.136767 0.115172 0.0371749 0.106574 0.459016 0.106512 0.14799 0.053551 0.035927 0.0990876 0.0914836 0.0711577 0.844204 0.0782142 0.0462309 0.0340124 0.0778422 0.146651 0.112349 0.0330669 0.000404702 0.0784759 0.0930517 0.113922 0.0443509 0.028345 0.095828 0.153212 0.154327 0.161624 0.0256442 0.232701 0.0505368 0.115361 0.432678 0.0656868 0.0986083 0.234453 0.239667 0.0678631 0.615878 0.0230731 0.00419446 0.0822328 0.0332628 0.0429675 0.498619 0.16524
3 3
0.0900236 0.0264531 0.125611 0.0304211 0.0403896 0.174129 0.0278506 0.111082 0.0401869
10 10
0.277106 0.0420541 0.148902 0.0743717 0.321787 0.0380578 0.060921 0.0370801 0.00139043 0.0277494 0.110735 0.0721111 0.00925023 0.976996 0.0183739 0.12531 0.00171496 0.113947 0.0163736 0.661364 0.0106263 0.0586791 0.195035 0.565301 0.175174 0.0471626 0.134338 0.0168913 0.187897 0.133462 0.0209568 0.0951072 0.0131583 0.114562 0.10671 0.329889 0.00155144 0.0996615 0.295352 0.0263627 0.101393 0.131419 0.403086 0.637896 0.107317 0.23015 0.0426652 0.141112 0.140977 0.0416182 0.612572 0.00144092 0.11366 0.185919 0.715058 0.114637 0.159295 0.0271887 0.0786651 0.250345 0.0153586 0.0521552 0.0109558 0.0264564 0.0647393 0.0217332 0.50555 0.100148 0.0566663 0.100979 0.0849436 0.0354659 0.264792 0.279643 0.0263818 0.0381111 0.0139412 0.0709299 0.0868665 0.0304667 0.165214 0.157493 0.176138 0.0954408 0.0545939 0.792746 0.0352006 0.0874086 0.135887 0.0463667 0.0946512 0.912882 0.0642229 0.0236359 0.0579869 0.158184 0.0627399 0.149506 0.658781 0.0107846
3 3
0.17417 0.0879515 0.205832 0.102881 0.0414916 0.810323 0.0507851 0.0840503 0.0875561
10 10
0.0511414 0.0131644 0.883068 0.0159033 0.0939177 0.14078 0.0454587 0.0260501 0.0114482 0.0845893 0.195624 0.0664805 0.109215 0.103031 0.82315 0.00499338 0.0604203 0.348584 0.573561 0.176414 0.0681542 0.0967431 0.0345327 0.0264697 0.0108965 0.0878275 0.0738621 0.0460703 0.297661 0.0599492 0.141258 0.0512324 0.0946806 0.0892554 0.10189 0.0222941 0.161465 0.0687991 0.125221 0.0737697 0.178648 0.09256 0.126908 0.0154564 0.0502162 0.0405931 0.0568339 0.135764 0.232862 0.151085 0.00642149 0.184599 0.136033 0.474936 0.0310231 0.34679 0.0886634 0.0776869 0.0390632 0.89818 0.0495454 0.0676033 0.0726546 0.203158 0.0180799 0.049441 0.896926 0.113947 0.0432068 0.00813566 0.00903795 0.0445865 0.0075929 0.0513899 0.093625 0.00857441 0.167416 0.0535567 0.0394595 0.0737775 0.0610725 0.0676665 0.0268411 0.154058 0.101213 0.0582496 0.914595 0.121266 0.0731379 0.0065368 0.207281 0.0422881 0.0540314 0.0670094 0.00165925 0.0865508 0.14553 0.796203 0.0614414 0.171511
3 3
0.0873084 0.398309 0.00163609 0.0743478 0.0819 0.0229564 0.174932 0.184011 0.514295
10 10
0.494854 0.0783479 0.141081 0.0263843 0.146946 0.00921058 0.235358 0.060528 0.0221684 0.0046656 0.0412403 0.0218802 0.117105 0.142556 0.0991223 0.314743 0.0791019 0.00689022 0.13024 0.0592342 0.391132 0.0666306 0.443026 0.077963 0.0247672 0.08986 0.0624223 0.0844448 0.163053 0.589004 0.152335 0.142028 0.929505 0.041005 0.131968 0.0700142 0.026641 0.00642865 0.104374 0.0148884 0.0386065 0.658636 0.00843524 0.00637559 0.105994 0.909266 0.92608 0.172943 0.00539969 0.00471981 0.0116782 0.0255375 0.513079 0.098019 0.0404585 0.0986996 0.0761746 0.103091 0.0282888 0.129971 0.0425893 0.120009 0.0305844 0.037818 0.0565295 0.0698432 0.0182143 0.0567799 0.0155727 0.0367188 0.000120242 0.141025 0.666734 0.0543997 0.044607 0.385882 0.00605207 0.534174 0.0347324 0.176187 0.0925285 0.018784 0.129686 0.0175944 0.0335641 0.674162 0.0256833 0.0549057 0.660567 0.101198 0.0712965 0.218517 0.103387 0.265714 0.118117 0.804318 0.0287067 0.0927458 0.0556795 0.738806
3 3
0.0323224 0.0307588 0.112757 0.0248249 0.539957 0.0233868 0.0483417 0.0948319 0.0786882
10 10
0.19264 0.0154755 0.0800368 0.177537 0.124327 0.0554521 0.0388989 0.0837725 0.0355223 0.0943485 0.0655138 0.144395 0.0111118 0.157559 0.0673764 0.0320807 0.128087 0.0409628 0.0611228 0.202368 0.0489247 0.0187607 0.638921 0.0434122 0.0239225 0.0395657 0.0534982 0.11666 0.0494114 0.12103 0.115367 0.0191909 0.489564 0.17059 0.0267242 0.128233 0.0596492 0.0643896 0.045993 0.115509 0.153963 0.0256558 0.00258082 0.0953072 0.183401 0.0274822 0.00682866 0.0827902 0.284534 0.0314635 0.0471238 0.103616 0.0291102 0.0228786 0.10689 0.195911 0.232653 0.350903 0.174645 0.00102856 0.0739006 0.618036 0.159209 0.0283383 0.383024 0.111313 0.00211471 0.0345283 0.119936 0.0706508 0.00132376 0.0115485 0.00929716 0.0692024 0.0560427 0.160151 0.0164114 0.0665371 0.113072 0.0763838 0.0406808 0.775401 0.487192 0.0595472 0.145047 0.0901264 0.0873313 0.068125 0.00795206 0.0334082 0.597668 0.0731275 0.158781 0.0451535 0.0879353 0.0742131 0.0241453 0.0350459 0.207686 0.147356
3 3
0.0467752 0.364727 0.039832 0.112324 0.271259 0.233943 0.120161 0.0180952 0.0294259
10 10
0.0939507 0.0217196 0.0588698 0.125653 0.110108 0.0491616 0.134688 0.193382 0.125083 0.00280021 0.133099 0.632761 0.0428197 0.212922 0.0346286 0.00133 0.00779851 0.0725053 0.0460447 0.00235713 0.209061 0.100965 0.208062 0.0960792 0.702333 0.0599234 0.103534 0.0947335 0.17938 0.0174728 0.090024 0.00844575 0.0534105 0.0184341 0.0850464 0.0433162 0.0731613 0.008263 0.120078 0.0967867 0.0288792 0.0752242 0.151855 0.461896 0.0807119 0.0688511 0.0417906 0.0522684 0.120164 0.0438031 0.0510629 0.0932544 0.0922325 0.0751814 0.0775562 0.114607 0.0430695 0.115842 0.403064 0.00903685 0.0959902 0.0880061 0.0387659 0.154399 0.0929244 0.0199604 0.00853545 0.0558406 0.0623191 0.0223848 0.0894681 0.177221 0.137332 0.0278189 0.679533 0.150772 0.130134 0.539363 0.0848006 0.533766 0.0432573 0.0479 0.0436785 0.142599 0.0336269 0.0650761 0.046476 0.0587045 0.0691736 0.0341706 0.101848 0.012301 0.0872313 0.0721534 0.0342542 0.050622 0.0475682 0.112842 0.366545 0.0902085
3 3
0.00414536 0.619786 0.346689 0.377269 0.150107 0.0156664 0.658202 0.0825846 0.0718955
10 10
0.0737132 0.125033 0.854369 0.0100462 0.105984 0.0976775 0.750563 0.661063 0.0665142 0.00312044 0.448303 0.0335917 0.114766 0.00464304 0.00286342 0.0975056 0.943424 0.137954 0.412446 0.0150602 0.0555463 0.219015 0.688988 0.698069 0.0623837 0.0715388 0.0561933 0.091048 0.0225371 0.0427721 0.0233123 0.169731 0.051121 0.0247413 0.239706 0.0272462 0.0343103 1.50173e-05 0.0205779 0.113343 0.191884 0.0712711 0.0702093 0.132452 0.0913698 0.0351287 0.051132 0.13261 0.0752711 0.0708171 0.157328 0.0345657 0.0286707 0.207367 0.162575 0.0134501 0.414241 0.0223134 0.00421061 0.0256251 0.0897232 0.0509837 0.122088 0.950065 0.0693702 0.0678521 0.157071 0.141145 0.0277524 0.0122305 0.00790296 0.375263 0.639227 0.0166894 0.169179 0.00391391 0.127134 0.0539851 0.876179 0.970968 0.157856 0.075809 0.12987 0.0575664 0.0409624 0.141902 0.143541 0.0317277 0.00218797 0.0368423 0.165337 0.100477 0.0217897 0.0812461 0.142468 0.0292814 0.0726313 0.0123977 0.272784 0.661268
3 3
0.188845 0.346056 0.0618704 0.256495 0.395354 0.135553 0.562101 0.00147489 0.588988
10 10
0.366166 0.683296 0.841797 0.0736754 0.0100175 0.599888 0.0787651 0.104151 0.00852669 0.0173728 0.00128724 0.0567737 0.114697 0.0490667 0.185595 0.301704 0.0415872 0.0105755 0.130809 0.0560183 0.647043 0.088406 0.095093 0.00563205 0.368563 0.0853024 0.0209897 0.106115 0.64993 0.498497 0.688196 0.071442 0.0148128 0.0321567 0.160112 0.0687722 0.112421 0.0470824 0.0350618 0.576931 0.0953205 0.0405646 0.260869 0.0135887 0.082898 0.670531 0.0733047 0.633341 0.0777234 0.163199 0.137703 0.0335922 0.449032 0.066744 0.0696402 0.025702 0.0755679 0.0105019 0.0316299 0.060826 0.0255039 0.148439 0.0670264 0.0502727 0.0501436 0.362961 0.00467073 0.0119937 0.0583202 0.398738 0.167068 0.122513 0.0832386 0.435334 0.0627308 8.7809e-05 0.0157059 0.0399753 0.0245073 0.013112 0.0202845 0.00468904 0.161368 0.0605705 0.503217 0.214169 0.0427834 0.15714 0.716915 0.128536 0.119204 0.0429644 0.03705 0.00345301 0.0951667 0.049873 0.0883882 0.0747083 0.137682 0.31982
3 3
0.0486651 0.1258 0.0556241 0.00644595 0.0156029 0.0244009 0.388658 0.0617116 0.032534
10 10
0.0744504 0.0244824 0.076687 0.0662227 0.551508 0.101497 0.201528 0.231421 0.0188496 0.125804 0.0434742 0.54044 0.0241442 0.0508815 0.109549 0.0168304 0.0525075 0.135345 0.0897907 0.0428465 0.036261 0.0563061 0.0825773 0.172968 0.970694 0.128326 0.12249 0.0607464 0.00140612 0.0525793 0.0395614 0.037503 0.102953 0.563029 0.0265634 0.0228802 0.0652117 0.0296289 0.0291355 0.109048 0.145599 0.0396862 0.125848 0.0178216 0.474461 0.119051 0.0359777 0.0831996 0.32413 0.129014 0.267663 0.10536 0.834099 0.57396 0.0638256 0.020889 0.0752891 0.0259074 0.0312215 0.0125549 0.0138944 0.0377554 0.0721328 0.217923 0.0719657 0.0135158 0.0806188 0.297509 0.196029 0.700402 0.0465759 0.034461 0.0151717 0.202565 0.237024 0.0209585 0.0109982 0.0782863 0.0125152 0.0834341 0.0751686 0.108337 0.0404552 0.202912 0.0140526 0.0687427 0.0231363 0.172886 0.443078 0.0420217 0.0160385 0.00418152 0.0337967 0.880398 0.277108 0.0394895 0.0743962 0.0178703 0.0602868 0.195072
3 3
0.165404 0.0970827 0.0672381 0.106973 0.123385 0.0366255 0.0967441 0.0353204 0.0290237
10 10
0.10901 0.000599171 0.0283681 0.0724968 0.139992 0.277056 0.290455 0.0736662 0.0119142 0.110905 0.0825294 0.145576 0.0466266 0.095185 0.163706 0.106076 0.0675459 0.0456468 0.217619 0.0772536 0.122832 0.15081 0.0211408 0.026196 0.211541 0.104834 0.0373568 0.0174161 0.0685308 0.134596 0.0890216 0.108944 0.0226039 0.144704 0.241825 0.0482912 0.174954 0.0504175 0.0191054 0.0496893 0.101811 0.00550449 0.129767 0.059928 0.0485087 0.270989 0.490761 0.454377 0.0593244 0.0360914 0.0309528 0.117114 0.381297 0.0205685 0.0482627 0.122008 0.00963378 0.0416734 0.036641 0.127081 0.784316 0.567832 0.0157648 0.0308497 0.12001 0.0823123 0.900621 0.139571 0.0208962 0.600384 0.0515769 0.0433679 0.154693 0.0775773 0.168126 0.394132 0.0434719 0.112324 0.499185 0.12249 0.056587 0.0706099 0.0759963 0.0305823 0.00512936 0.317249 0.0413547 0.168721 0.0164294 0.0882872 0.0101416 0.0781422 0.142607 0.439169 0.133005 0.0534435 0.123567 0.0368388 0.0262963 0.0828212
3 3
0.00204616 0.131923 0.0356702 0.37316 0.165642 0.0331323 0.0381546 0.0394266 0.0478002
10 10
0.00687751 0.050213 0.0587409 0.573421 0.531825 0.116664 0.0694591 0.0445327 0.187279 0.037972 0.0168721 0.459749 0.0353384 0.349024 0.02563 0.0528491 0.0437606 0.148479 0.0513321 0.111063 0.20899 0.106016 0.110749 0.825794 0.781779 0.0511084 0.502481 0.0630951 0.143048 0.198191 0.0132925 0.0218668 0.541357 0.0712396 0.111247 0.0524735 0.527524 0.170529 0.0713625 0.124984 0.0652729 0.425299 0.631532 0.0624842 0.0642175 0.0699967 0.0753179 0.0582033 0.36863 0.0657831 0.0586189 0.0435931 0.117566 0.257394 0.0751884 0.0291205 0.0337863 0.0598361 0.159299 0.100224 0.0712204 0.449 0.113947 0.0190592 0.356522 0.283005 0.0954225 0.0262284 0.179241 0.121355 0.0926215 0.497076 0.102032 0.0333605 0.0277711 0.00530303 0.261592 0.104492 0.0943077 0.006191 0.074768 0.0219336 0.019072 0.0678662 0.0892351 0.0298034 0.0565141 0.0857491 0.0501473 0.00161289 0.0818461 0.0651225 0.051027 0.000788712 0.519052 0.0387111 0.0292041 0.0491037 0.121246 0.00271092
3 3
0.0409164 0.610725 0.0484176 0.0324528 0.0715065 0.0949381 0.0435408 0.0142215 0.0943528
10 10
0.0155539 0.0228494 0.418304 0.0265491 0.0175875 0.0436516 0.101354 0.0721828 0.124602 0.0636982 0.0619497 0.0362205 0.0850981 0.0413755 0.0407685 0.286495 0.0293602 0.430193 0.0452144 0.190653 0.223317 0.692266 0.0404468 0.0690165 0.163641 0.0430402 0.168138 0.0372373 0.0560055 0.175128 0.0346129 0.0497794 0.00581103 0.0451009 0.243699 0.0410252 0.198552 0.0782226 0.0909987 0.141054 0.0555843 0.0153333 0.0261305 0.0366229 0.108392 0.045486 0.123554 0.0112222 0.0502338 0.00719805 0.117695 0.256876 0.0933456 0.00912709 0.096204 0.221407 0.102817 0.102137 0.00244422 0.0666413 0.0579802 0.0542222 0.0304126 0.00323775 0.648064 0.0418646 0.074574 0.0719005 0.00844869 0.616304 0.0354281 0.0290204 0.107492 0.0403289 0.111498 0.0987592 0.0668102 0.0817612 0.0397484 0.101573 0.0471549 0.00739137 0.190716 0.153308 0.127817 0.0673758 0.135169 0.147294 0.657159 0.147315 0.0164958 0.0819922 0.123825 0.0720008 0.14219 0.677234 0.028731 0.0525123 0.0670005 0.0566383
3 3
0.0558486 0.0648679 0.61408 0.0901469 0.00309886 0.0066413 0.0519526 0.163923 0.0166155
10 10
0.0877056 0.00335004 0.0718189 0.816072 0.173614 0.147872 0.227773 0.0371243 0.0124462 0.119717 0.214424 0.0477169 0.0345032 0.0409094 0.037159 0.0733145 0.0684271 0.0397339 0.110343 0.0989279 0.483821 0.650025 0.123965 0.222127 0.318157 0.0325552 0.70366 0.156034 0.0811922 0.0518253 0.140539 0.0259462 0.20157 0.0196882 0.666786 0.39705 0.123051 0.0667969 0.577992 0.106499 0.736013 0.0742837 0.0833438 0.123544 0.135169 0.0758795 0.0523224 0.111865 0.0140329 0.20959 0.00675836 0.0730403 0.0385838 0.0145761 0.15337 0.0983035 0.796601 0.063534 0.143924 0.0631445 0.0281128 0.123621 0.100932 0.662812 0.0189854 0.0313205 0.466785 0.118166 0.125915 0.0132197 0.0478139 0.0346208 0.00541758 0.078365 0.136364 0.043715 0.143692 0.0997086 0.322102 0.00639687 0.0882801 0.0119369 0.019212 0.00951925 0.626959 0.0479814 0.0226201 0.193762 0.0997564 0.439036 0.06672 0.0526113 0.004244 0.317454 0.0597941 0.145877 0.583844 0.0540244 0.171239 0.708105
3 3
0.0934093 0.151248 0.0119839 0.0415636 0.0175632 0.00747726 0.0745845 0.135968 0.382153
10 10
0.184763 0.176973 0.0754903 0.00682903 0.421423 0.138653 0.00998181 0.0739752 0.0618019 0.111238 0.598431 0.00379192 0.048794 0.146592 0.0101226 0.00426455 0.0298596 0.015361 0.56905 0.0685231 0.0958486 0.0577402 0.207728 0.111106 0.119504 0.71737 0.0725039 0.910352 0.0250319 0.21359 0.0911343 0.0313529 0.14374 0.0062103 0.160684 0.0514348 0.848493 0.502667 0.140551 0.154825 0.00822899 0.0437025 0.0812299 0.312118 0.00842488 0.387964 0.0864584 0.101561 0.10263 0.0826022 0.0135692 0.206159 0.0967768 0.0912017 0.0252225 0.017944 0.0384172 0.174334 0.0895461 0.127892 0.17615 0.432724 0.0219457 0.202637 0.0465232 0.114171 0.15979 0.136133 0.148998 0.0482723 0.290975 0.00970639 0.0405136 0.142188 0.828421 0.933489 0.133923 0.0161003 0.0513639 0.0609946 0.139267 0.127649 0.0288448 0.016989 0.752631 0.0720356 0.0405014 0.095642 0.00917362 0.535155 0.236603 0.189187 0.0558568 0.320625 0.0637617 0.0332793 0.199068 0.0360091 0.0289936 0.0255357
3 3
0.100542 0.0682386 0.063059 0.165521 0.0777366 0.616682 0.0347495 0.131151 0.0115014
10 10
0.0951396 0.0845732 0.16828 0.549217 0.474536 0.0980494 0.00328255 0.00465718 0.263161 0.159663 0.0170302 0.0689154 0.281827 0.00288652 0.0199062 0.0773021 0.00343847 0.577641 0.122441 0.11113 0.701198 0.483764 0.0939227 0.0705402 0.28077 0.038675 0.775758 0.0694015 0.155514 0.200125 0.016795 0.438767 0.113549 0.180593 0.0289515 0.11898 0.0133379 0.0364238 0.07591 0.623257 0.632298 0.123989 0.202251 0.159337 0.141131 0.040649 0.01614 0.101498 0.0367991 0.111219 0.134749 0.0755617 0.000396336 0.0656608 0.467103 0.135459 0.0133859 0.0376624 0.0249094 0.199956 0.00750266 0.0575142 0.109895 0.608367 0.116978 0.915433 0.0210374 0.0903075 0.0834939 0.261293 0.0609554 0.166831 0.269927 0.0813733 0.042605 0.136368 0.632538 0.063287 0.75514 0.230045 0.524936 0.108682 0.00208482 0.0840697 0.015444 0.100494 0.372282 0.0813393 0.0786469 0.0487496 0.397382 0.0137284 0.018854 0.0764 0.275611 0.00123473 0.215766 0.00689689 0.965534 0.0461628
3 3
0.0285453 0.0822068 0.022381 0.15578 0.0409925 0.024 0.092011 0.521361 0.791166
10 10
0.0753942 0.206513 0.00439483 0.801753 0.295956 0.03733 0.101281 0.213802 0.0716038 0.440661 0.121875 0.129017 0.0470141 0.121625 0.112446 0.175438 0.143597 0.0130467 0.0139854 0.167054 0.640621 0.0229967 0.632513 0.0217105 0.490376 0.137514 0.018437 0.561853 0.343693 0.284631 0.108465 0.0681032 0.0281343 0.104046 0.0798369 0.162201 0.157421 0.0297449 0.0958115 0.705802 0.0532307 0.12866 0.0292454 0.00754572 0.200607 0.0110891 0.0572632 0.0116036 0.0322743 0.0184019 0.0503637 0.357658 0.0352415 0.0322077 0.0174646 0.145809 0.146575 0.00402295 0.0296041 0.0227921 0.0791754 0.169677 0.0606885 0.20852 0.00101038 0.155349 0.437613 0.00812604 0.134499 0.179449 0.091016 0.0330585 0.00741866 0.208194 0.201614 0.0719546 0.0912508 0.0805848 0.0728938 0.166534 0.152178 0.0241079 0.0151384 0.698325 0.171052 0.0552915 0.0929092 0.125589 0.0489371 0.658276 0.0192695 0.0514692 0.0131664 0.0179486 0.365715 0.122432 0.173638 0.564258 0.131591 0.0831403
3 3
0.149255 0.0672071 0.0550394 0.00240413 0.012425 0.00625751 0.00187776 0.0202761 0.118272
10 10
0.131502 0.0774191 0.139443 0.103261 0.192657 0.0294631 0.00622973 0.0681212 0.0697778 0.176337 0.0598874 0.0306812 0.195585 0.131756 0.944071 0.575945 0.0278128 0.0322881 0.0150664 0.0311925 0.0380067 0.689894 0.952787 0.112798 0.0393685 0.064352 0.122227 0.0308162 0.106877 0.00270435 0.0497183 0.156939 0.0870624 0.658434 0.0954394 0.0317717 0.00640186 0.0479259 0.423132 0.0201787 0.0520541 0.176339 0.300891 0.539119 0.00702216 0.836908 0.211037 0.598524 0.0546664 0.0131975 0.0575637 0.0626178 0.269183 0.139793 0.121094 0.0575985 0.0449595 0.0261398 0.10133 0.812571 0.108296 0.00435323 0.0351924 0.16896 0.113007 0.041953 0.0438281 0.123958 0.173919 0.496332 0.0451637 0.0302578 0.123298 0.107001 0.132177 0.198656 0.0251652 0.288246 0.0709472 0.78443 0.128519 0.328049 0.0655249 0.101966 0.0476092 0.117057 0.0903978 0.0076523 0.0551037 0.201474 0.556066 0.49371 0.0678004 0.146807 0.389602 0.0320959 0.142776 0.0969482 0.0989883 0.0209025
3 3
0.22264 0.116611 0.0756548 0.100961 0.0231656 0.0931937 0.00424756 0.116237 0.187058
10 10
0.020726 0.106983 0.00551403 0.0127955 0.206527 0.12086 0.0726824 0.177132 0.0154616 0.085136 0.0277595 0.954242 0.22679 0.0279753 0.146638 0.0320427 0.0054691 0.0420822 0.282678 0.0312704 0.195316 0.0388303 0.117489 0.0367364 0.0466746 0.0513427 0.171482 0.173382 0.260567 0.108884 0.00522171 0.0020104 0.151149 0.251997 0.0184584 0.135564 0.775136 0.0534954 0.0303788 0.0211104 0.00210483 0.00362436 0.06687 0.199883 0.00625033 0.12894 0.0512546 0.0287697 0.0675444 0.138787 0.0757868 0.0310489 0.0457237 0.77521 0.0122302 0.134289 0.224955 0.140403 0.144015 0.0348637 0.124477 0.0559914 0.131136 0.0286221 0.0921079 0.0875099 0.0951795 0.0768509 0.0324821 0.592283 0.0364285 0.0594934 0.122852 0.0371472 0.003542 0.0281873 0.184857 0.0568914 0.0166585 0.00191208 0.0925754 0.25002 0.000251956 0.0121599 0.122882 0.0213398 0.0841023 0.0467499 0.0190955 0.211979 0.0207573 0.147122 0.111307 0.0299472 0.0413886 0.0943206 0.0283827 0.00212426 0.391865 0.875096
3 3
0.0398935 0.113265 0.11076 0.0867378 0.0565518 0.181842 0.0845581 0.0395388 0.0831271
10 10
0.337537 0.0999851 0.186031 0.0221486 0.378374 0.130262 0.101086 0.0476713 0.075189 0.191756 0.0109907 0.0415641 0.0473462 0.142384 0.0088497 0.149138 0.0314543 0.004671 0.0761564 0.0590149 0.0856234 0.0372061 0.171396 0.0274154 0.00932963 0.065022 0.665073 0.150895 0.0375331 0.0887946 0.0431322 0.0591195 0.124115 0.0899664 0.000169365 0.518503 0.0312097 0.14713 0.00221476 0.09548 0.834331 0.0131751 0.0673849 0.148297 0.097195 0.171218 0.0830598 0.0836263 0.092313 0.0424208 0.165811 0.0436965 0.0342253 0.0955145 0.145389 0.0670162 0.114084 0.0673224 0.0364317 0.103777 0.0570718 0.379985 0.0364177 0.149182 0.063391 0.0802999 0.10816 0.0310189 0.272834 0.602128 0.00338423 0.0724578 0.116455 0.00562844 0.0480081 0.130001 0.545888 0.0189689 0.0736636 0.141241 0.0767652 0.0287032 0.0825782 0.174276 0.0387803 0.37097 0.794031 0.111545 0.101168 0.0654215 0.0472275 0.171526 0.0993501 0.0567007 0.116656 0.010841 0.090106 0.93118 0.0418139 0.0497251
3 3
0.728753 0.0477072 0.0437766 0.0810198 0.0201384 0.00368374 0.117398 0.407925 0.0324067
10 10
0.0248193 0.0323375 0.399148 0.0720815 0.245926 0.129867 0.00340178 0.0275068 0.0158147 0.332651 0.0763962 0.0168282 0.170124 0.0396069 0.01919 0.017643 0.840202 0.0664432 0.0436342 0.00105657 0.173011 0.267676 0.0219892 0.0628032 0.168899 0.0363505 0.157025 0.105414 0.269237 0.737445 0.13357 0.0488086 0.0527444 0.0865746 0.0196784 0.1432 0.0192866 0.00116187 0.0612693 0.12792 0.0180324 0.0488681 0.147535 0.0141921 0.0229117 0.0761294 0.00574438 0.119612 0.0628068 0.0942098 0.0961293 0.068807 0.276476 0.0825453 0.0083846 0.113443 0.0858002 0.481644 0.0190794 0.16167 0.0706738 0.00755691 0.0201917 0.0257121 0.0438316 0.171809 0.563755 0.0957807 0.0191976 0.031538 0.200952 0.0813803 0.0392111 0.186602 0.0838609 0.651226 0.0653456 0.0711769 0.0940867 0.140496 0.0157201 0.0368475 0.148245 0.0893393 0.0171449 0.0952732 0.102306 0.0551466 0.0464817 0.0664731 0.0375031 0.0310761 0.111898 0.0537514 0.380614 0.749794 0.00527833 0.204834 0.16868 0.0425065
3 3
0.0879785 0.0354236 0.129686 0.0120192 0.179002 0.0743134 0.200789 0.0513822 0.076606
10 10
0.0832571 0.0279171 0.0103078 0.0251546 0.00913896 0.12113 0.115563 0.0418601 0.918955 0.0598534 0.20752 0.0295862 0.0140515 0.13304 0.0913373 0.0721774 0.142039 0.131332 0.0210226 0.122947 0.0565353 0.0330899 0.178512 0.0180779 0.102551 0.0283258 0.0692802 0.00989679 0.127323 0.0796868 0.212191 0.169657 0.112502 0.00697571 0.63544 0.0284212 0.392059 0.22184 0.0647697 0.0185173 0.0307283 0.106674 0.0340492 0.601964 0.0253506 0.0220437 0.112176 0.0110207 0.503943 0.053489 0.0321121 0.161987 0.141004 0.542139 0.02307 0.0202474 0.133307 0.0559711 0.00841841 0.00880148 0.220015 0.149164 0.145703 0.13017 0.05394 0.060973 0.000663044 0.452407 0.0521515 0.049755 0.922604 0.0612818 0.0269151 0.00723697 0.460292 0.0347936 0.0476761 0.0756201 0.589128 0.168106 0.0137774 0.171253 0.038628 0.0945994 0.0825042 0.431775 0.0572601 0.154883 0.00742011 0.0456615 0.0661816 0.00126881 0.13431 0.128572 0.0893787 0.0451605 0.618671 0.16843 0.039325 0.0523744
3 3
0.0117834 0.0168515 0.0357157 0.687264 0.933799 0.0722375 0.0884979 0.128619 0.054618
10 10
0.0198794 0.132037 0.0927394 0.096398 0.174687 0.00915947 0.0764902 0.0254876 0.0767879 0.0277107 0.13898 0.0558782 0.0759227 0.265175 0.14703 0.116278 0.0697296 0.00385559 0.0534267 0.190827 0.143336 0.0208554 0.0808375 0.0974542 0.0602322 0.236104 0.172721 0.149055 0.0649567 0.0298204 0.110177 0.0131328 0.0397057 0.0867067 0.190958 0.127079 0.532989 0.0442744 0.0565392 0.0405278 0.000491353 0.140215 0.0658947 0.062853 0.0884421 0.0325081 0.0720031 0.195739 0.042535 0.223602 0.0577837 0.00455469 0.0770094 0.0840397 0.120823 0.0778229 0.0499405 0.17898 0.201655 0.0637731 0.0772063 0.0729539 0.0907814 0.0612002 0.0255658 0.0792275 8.15543e-06 0.0176141 0.0355941 0.131862 0.107555 0.0511189 0.113821 0.0297777 0.409936 0.476131 0.00463263 0.0614927 0.275544 0.0641339 0.0597774 0.107328 0.228718 0.0844144 0.0232641 0.040289 0.0593416 0.00197215 0.0322431 0.0413761 0.108573 0.0743998 0.045254 0.0374235 0.0399371 0.0443685 0.0788524 0.620581 0.0625707 0.411176
3 3
0.169423 0.0148509 0.00662374 0.197711 0.324282 0.0667107 0.254824 0.0617779 0.119129
10 10
0.203679 0.509461 0.0420464 0.0676655 0.23093 0.233063 0.0474859 0.580112 0.118528 0.458583 0.0300333 0.130542 0.207106 0.770903 0.810872 0.032341 0.062926 0.171682 0.0346213 0.591227 0.118163 0.075369 0.105463 0.165311 0.0121082 0.489948 0.170891 0.0374677 0.61152 0.0455872 0.608542 0.659813 0.0190668 0.0631396 0.0580024 0.094195 0.0309275 0.114402 0.0533925 0.0950406 0.064052 0.0383236 0.119968 0.0436861 0.0759017 0.125919 0.13775 0.114096 0.0479412 0.0690022 0.035907 0.0412976 0.0911854 0.0907439 0.0355453 0.101572 0.118729 0.0531719 0.0373362 0.104322 0.674362 0.0646516 0.117316 0.204656 0.0657116 0.0204277 0.0657581 0.0561016 0.00812723 0.170201 0.600991 0.158022 0.0732185 0.0730607 0.141666 0.00561386 0.445034 0.00665185 0.131975 0.0615388 0.0134211 0.160899 0.0673415 0.73449 0.0889194 0.08991 0.0793858 0.0539757 0.277206 0.0902123 0.0771405 0.531835 0.0417477 0.093393 0.0473446 0.542294 0.162665 0.0479695 0.0421666 0.0686597
3 3
0.0540385 0.0776187 0.0629105 0.0520954 0.376795 0.0630238 0.0306361 0.385163 0.148611
10 10
0.0106556 0.0367093 0.0541088 0.0824141 0.0036312 0.137035 0.0633644 0.0105737 0.152217 0.104007 0.00133115 0.301585 0.0107672 0.589862 0.148642 0.00645842 0.122659 0.0571966 0.201415 0.0131522 0.0625393 0.102563 0.0350513 0.179697 0.206096 0.153018 0.0334033 0.0513489 0.01941 0.0985514 0.131259 0.0262361 0.374423 0.00669327 0.0272478 0.0173745 0.364958 0.0763783 0.00624296 0.0796416 0.126332 0.339787 0.114382 0.445205 0.0180277 0.0134022 0.139853 0.0534784 0.0571294 0.125858 0.491065 0.107303 0.0279938 0.148593 0.142444 0.487765 0.00836794 0.459148 0.0756888 0.015085 0.347275 0.104266 0.0172018 0.064262 0.00428841 0.0138104 0.0288073 0.81018 0.00186589 0.116755 0.0405412 0.407624 0.0669143 0.165701 0.00693928 0.765228 0.119219 0.720562 0.00489586 0.168738 0.08937 0.0271745 0.0363644 0.0482633 0.0973761 0.0782881 0.108022 0.076712 0.399908 0.169876 0.0405178 0.0445392 0.0488053 0.0514314 0.12103 0.0976311 0.0606469 0.0748339 0.658113 0.136976
3 3
0.0269772 0.143734 0.0444528 0.0834218 0.0533094 0.0703613 0.0815615 0.0681752 0.0275884
10 10
0.0276117 0.061028 0.0217797 0.0122306 0.0995069 0.9238 0.051421 0.241966 0.159275 0.314532 0.00778978 0.0313731 0.0092111 0.398059 0.0645683 0.0198395 0.735757 0.453317 0.0872476 0.0594692 0.114669 0.0788687 0.0522806 0.525876 0.104636 0.101682 0.436936 0.195796 0.474849 0.00447266 0.174654 0.0248123 0.0048967 0.00983357 0.0754638 0.00302824 0.0340543 0.941025 0.229898 0.038466 0.122286 0.0954278 0.550498 0.0127454 0.0536983 0.0994902 0.150351 0.00922436 0.0533691 0.075955 0.0634065 0.0448977 0.129425 0.0439282 0.0614715 0.0156625 0.117171 0.0642873 0.256366 0.391505 0.140387 0.0916314 0.199176 0.564605 0.0121368 0.0469117 0.42077 0.0384453 0.13372 0.0287366 0.111386 0.189277 0.153748 0.0251157 0.0577231 0.0697901 0.0444968 0.00822283 0.0850538 0.108151 0.0513157 0.175064 0.124765 0.0330685 0.0486882 0.00125711 0.185309 0.311167 0.100548 0.0147456 0.0112953 0.137849 0.0307712 0.1736 0.00548761 0.0763919 0.12284 0.0944249 0.739805 0.394492
3 3
0.0284117 0.0837386 0.0585013 0.205555 0.0895586 0.0247228 0.00329004 0.0587637 0.186975
10 10
0.176542 0.114801 0.188554 0.112662 0.798332 0.0473958 0.000783009 0.819254 0.0105161 0.237361 0.0689984 0.0467377 0.0228349 0.174889 0.0257783 0.102225 0.0199955 0.00846655 0.0755658 0.0717111 0.0536913 0.177448 0.0183163 0.00348123 0.0118724 0.0291286 0.0522759 0.0361276 0.206231 0.200892 0.24579 0.0113261 0.0678901 0.227005 0.128723 0.0929821 0.0448534 0.577806 0.100192 0.480297 0.0959901 0.0296254 0.0611518 0.0933338 0.375737 0.0189281 0.832227 0.092678 0.00121982 0.0152977 0.0194729 0.0372865 0.41183 0.124969 0.0436283 0.18369 0.0540739 0.0582653 0.0264339 0.0635533 0.0567881 0.559786 0.0849908 0.0311202 0.0669172 0.0923487 0.362918 0.181384 0.123074 0.705017 0.553435 0.0535819 0.0683617 0.0840859 0.910839 0.0506117 0.147532 0.893457 0.0464465 0.177157 0.0172144 0.171695 0.0880928 0.117315 0.0383863 0.0656237 0.0024411 0.587048 0.874671 0.00725727 0.0843874 0.10525 0.112033 0.118777 0.452704 0.0116075 0.0293794 0.182914 0.145006 0.0490373
3 3
0.13848 0.0625023 0.110108 0.0242643 0.0269526 0.0144587 0.0684918 0.0421864 0.110348
10 10
0.167315 0.126739 0.00156354 0.0742287 0.0781499 0.094795 0.176336 0.17241 0.216861 0.0101336 0.72203 0.85375 0.061787 0.0719689 0.0292878 0.0661592 0.164469 0.0341146 0.0852148 0.0698785 0.065213 0.0832625 0.0639756 0.0962039 0.184444 0.0541558 0.0636066 0.112857 0.0583083 0.165541 0.530892 0.119377 0.0510413 0.091173 0.157187 0.08467 0.550402 0.0968489 0.0150931 0.104318 0.0797151 0.236751 0.117892 0.0554188 0.112539 0.0111557 0.0690776 0.0890974 0.0425133 0.052906 0.0541447 0.167277 0.0626248 0.613625 0.0910092 0.0250922 0.0529723 0.00391039 0.177406 0.0131458 0.0714774 0.177852 0.726013 0.0243719 0.0347944 0.0381215 0.00547869 0.0314232 0.0938129 0.0513277 0.0508096 0.990334 0.0823545 0.000226874 0.13207 0.00206062 0.156244 0.0267124 0.0278892 0.0863037 0.13583 0.0479731 0.0606895 0.0736434 0.389258 0.0313488 0.510546 0.28049 0.195733 0.0446012 0.00864754 0.0152599 0.247522 0.209213 0.1624 0.0189996 0.0422787 0.00239138 0.0326997 0.110946
3 3
0.744509 0.0535229 0.0223534 0.220243 0.0270492 0.000370486 0.270193 0.0935799 0.0735604
10 10
0.211744 0.0497798 0.44564 0.12698 0.0105835 0.109676 0.0133623 0.00816606 0.386033 0.0957907 0.285071 0.0863512 0.146966 0.180575 0.0919972 0.0747631 0.388881 0.113273 0.0402259 0.0541689 0.605943 0.11955 0.0231938 0.0241882 0.117935 0.0842527 0.0376396 0.0947244 0.197051 0.0535398 0.219493 0.0336152 0.0341216 0.159239 0.0526645 0.0206124 0.0566133 0.00431841 0.104671 0.00662499 0.625989 0.508479 0.0763709 0.0365015 0.157086 0.156076 0.111706 0.064282 0.132483 0.0675143 0.0413455 0.0730542 0.140842 0.172152 0.276099 0.00590315 0.0424176 0.0814273 0.277239 0.0168759 0.292228 0.101029 0.0639791 0.284801 0.331688 0.127597 0.0887231 0.127541 0.0408497 3.92813e-05 0.0295903 0.0195538 0.0612188 0.0877922 0.38984 0.052299 0.0166647 0.0925451 0.0586682 0.0494497 0.0535582 0.0664765 0.00298625 0.0420866 0.0704525 0.00799899 0.0844868 0.8759 0.0169099 0.0606766 0.149833 0.0332721 0.083342 0.184822 0.00885506 0.074026 0.0618329 0.0170173 0.350652 0.0225492
3 3
0.0782364 0.0567918 0.723139 0.68992 0.0830855 0.0981875 0.0690006 0.0771258 0.182782
10 10
0.0285874 0.0509428 0.080944 0.0902519 0.0495176 0.0545773 0.0755258 0.0172125 0.0274601 0.0367899 0.111274 0.196575 0.0629789 0.171259 0.0551429 0.0972819 0.249907 0.120583 0.0813273 0.497842 0.102329 0.179962 0.0651619 0.953014 0.0114681 0.0512376 0.0980896 0.577332 0.0400548 0.101202 0.0926031 0.0923519 0.0407506 0.0183116 0.136105 0.00632975 0.0664423 0.137796 0.0400673 0.0590939 0.159296 0.165332 0.945778 0.0884845 0.0659286 0.761341 0.141044 0.0622794 0.0882873 0.0336596 0.780997 0.117741 0.0772169 0.0718244 0.0359791 0.00367052 0.458278 0.0839093 0.223238 0.0198124 0.102308 0.0346725 0.131839 0.103263 0.0678336 0.0745889 0.131724 0.0555542 0.052138 0.0432174 0.0794074 0.227496 0.772687 0.240772 0.0213017 0.0818897 0.181565 0.0327961 0.663472 0.0170184 0.0388088 0.696445 0.0473076 0.0108267 0.102536 0.122474 0.056775 0.0814859 0.00968453 0.184713 0.0371645 0.164412 0.166701 0.175147 0.00304133 0.277303 0.00240279 0.0372129 0.0426855 0.0974876
3 3
0.0221654 0.111026 0.00532627 0.007252 0.0193786 0.115465 0.134565 0.113774 0.0340856
10 10
0.988455 0.107916 0.131833 0.696996 0.0791596 0.155608 0.198669 0.217243 0.0620807 0.00855575 0.220346 0.0338115 0.0784985 0.605401 0.0949 0.0253915 0.00531652 0.285306 0.0806493 0.0344005 0.0213471 0.123648 0.110276 0.630675 0.0611183 0.0774091 0.154838 0.0465058 0.140046 0.748385 0.00717391 0.00664383 0.0765114 0.00249148 0.00462056 0.177064 0.262759 0.00238069 0.0822664 0.025177 0.0942618 0.0111631 0.0693374 0.0676314 0.494818 0.0607218 0.252343 0.0481538 0.100246 0.29083 0.108525 0.0252024 0.191709 0.0700564 0.0735916 0.0424698 0.347643 0.150353 0.093009 0.0711043 0.060336 0.751135 0.0182744 0.0194104 0.00724088 0.083306 0.129741 0.108271 0.0588351 0.0129461 0.0117363 0.0408772 0.00815727 0.039122 0.0243894 0.486554 0.0753431 0.0806265 0.391421 0.254996 0.117525 0.114056 0.495255 0.0365304 0.114247 0.00975255 0.284178 0.0695818 0.0197019 0.132279 0.161994 0.000222648 0.124809 0.139669 0.64359 0.0747896 0.00165906 0.184812 0.0426056 0.0987952
